<?xml version="1.0" encoding="UTF-8"?>
<!-- Generated by org.testng.reporters.JUnitReportReporter -->
<testsuite hostname="DESKTOP-PQRNELH" failures="0" tests="1" name="test.AvTest" time="8.577" errors="0" timestamp="2022-12-17T04:31:48 MSK" skipped="0">
  <testcase classname="test.AvTest" name="complaintForAds" time="8.577"/>
  <system-out/>
</testsuite> <!-- test.AvTest -->
