<?xml version="1.0" encoding="UTF-8"?>
<!-- Generated by org.testng.reporters.JUnitReportReporter -->
<testsuite hostname="DESKTOP-PQRNELH" failures="0" tests="1" name="test.AvTest" time="10.456" errors="0" timestamp="2022-12-17T05:02:31 MSK" skipped="0">
  <testcase classname="test.AvTest" name="SaveSerachParametrs" time="10.456"/>
  <system-out/>
</testsuite> <!-- test.AvTest -->
