<?xml version="1.0" encoding="UTF-8"?>
<!-- Generated by org.testng.reporters.JUnitReportReporter -->
<testsuite hostname="DESKTOP-PQRNELH" failures="0" tests="10" name="test.AvTest" time="77.166" errors="0" timestamp="2022-12-17T06:00:10 MSK" skipped="0">
  <testcase classname="test.AvTest" name="SearchAutoAudiAndBMWAndMercedes" time="6.528"/>
  <system-out/>
  <testcase classname="test.AvTest" name="SerchNewAdsAutoSound" time="4.810"/>
  <system-out/>
  <testcase classname="test.AvTest" name="HowMuchPerMonthIsTheLeasingFee" time="3.149"/>
  <system-out/>
  <testcase classname="test.AvTest" name="SearchTermNumberInThePage" time="5.637"/>
  <system-out/>
  <testcase classname="test.AvTest" name="SearchAutoAudi" time="5.203"/>
  <system-out/>
  <testcase classname="test.AvTest" name="complaintForAds" time="7.350"/>
  <system-out/>
  <testcase classname="test.AvTest" name="BookmarkÐ¡ars" time="24.358"/>
  <system-out/>
  <testcase classname="test.AvTest" name="AddCommentToAd" time="7.320"/>
  <system-out/>
  <testcase classname="test.AvTest" name="CheapAdsFromDriveMotors" time="4.864"/>
  <system-out/>
  <testcase classname="test.AvTest" name="SaveSerachParametrs" time="7.947"/>
  <system-out/>
</testsuite> <!-- test.AvTest -->
