<?xml version="1.0" encoding="UTF-8"?>
<!-- Generated by org.testng.reporters.JUnitReportReporter -->
<testsuite hostname="DESKTOP-PQRNELH" failures="0" tests="1" name="test.AvTest" time="8.333" errors="0" timestamp="2022-12-17T05:45:35 MSK" skipped="0">
  <testcase classname="test.AvTest" name="SaveSerachParametrs" time="8.333"/>
  <system-out/>
</testsuite> <!-- test.AvTest -->
