<?xml version="1.0" encoding="UTF-8"?>
<!-- Generated by org.testng.reporters.JUnitReportReporter -->
<testsuite hostname="DESKTOP-PQRNELH" failures="0" tests="2" name="test.AvTest" time="11.307" errors="0" timestamp="2022-12-15T02:20:18 MSK" skipped="0">
  <testcase classname="test.AvTest" name="AddCommentToAd" time="6.279"/>
  <system-out/>
  <testcase classname="test.AvTest" name="SearchTermNumberInThePage" time="5.028"/>
  <system-out/>
</testsuite> <!-- test.AvTest -->
